empty1
push1
size1
pop1
pop0
push1
top0
size1
push1
top1
size2
push1
top2
size3
push1
top3
size4
push1
top4
size5
push1
top5
size6
push1
top6
size7
push1
top7
size8
push1
top8
size9
push1
top9
size10
push1
top10
size11
push1
top11
size12
push1
top12
size13
push1
top13
size14
push1
top14
size15
push1
top15
size16
push1
top16
size17
push1
top17
size18
push1
top18
size19
push1
top19
size20
push1
top20
size21
push1
top21
size22
push1
top22
size23
push1
top23
size24
push1
top24
size25
push1
top25
size26
push1
top26
size27
push1
top27
size28
push1
top28
size29
push1
top29
size30
push1
top30
size31
push1
top31
size32
push1
top32
size33
push1
top33
size34
push1
top34
size35
push1
top35
size36
push1
top36
size37
push1
top37
size38
push1
top38
size39
push1
top39
size40
push1
top40
size41
push1
top41
size42
push1
top42
size43
push1
top43
size44
push1
top44
size45
push1
top45
size46
push1
top46
size47
push1
top47
size48
push1
top48
size49
push1
top49
size50
push1
top50
size51
push1
top51
size52
push1
top52
size53
push1
top53
size54
push1
top54
size55
push1
top55
size56
push1
top56
size57
push1
top57
size58
push1
top58
size59
push1
top59
size60
push1
top60
size61
push1
top61
size62
push1
top62
size63
push1
top63
size64
push1
top64
size65
push1
top65
size66
push1
top66
size67
push1
top67
size68
push1
top68
size69
push1
top69
size70
push1
top70
size71
push1
top71
size72
push1
top72
size73
push1
top73
size74
push1
top74
size75
push1
top75
size76
push1
top76
size77
push1
top77
size78
push1
top78
size79
push1
top79
size80
push1
top80
size81
push1
top81
size82
push1
top82
size83
push1
top83
size84
push1
top84
size85
push1
top85
size86
push1
top86
size87
push1
top87
size88
push1
top88
size89
push1
top89
size90
push1
top90
size91
push1
top91
size92
push1
top92
size93
push1
top93
size94
push1
top94
size95
push1
top95
size96
push1
top96
size97
push1
top97
size98
push1
top98
size99
push1
top99
size100
push0
top99
size100
push0
top99
size100
push0
top99
size100
push0
top99
size100
push0
top99
size100
push0
top99
size100
push0
top99
size100
push0
top99
size100
push0
top99
size100
push0
top99
size100
size100
pop1
top98
size99
pop1
top97
size98
pop1
top96
size97
pop1
top95
size96
pop1
top94
size95
pop1
top93
size94
pop1
top92
size93
pop1
top91
size92
pop1
top90
size91
pop1
top89
size90
pop1
top88
size89
pop1
top87
size88
pop1
top86
size87
pop1
top85
size86
pop1
top84
size85
pop1
top83
size84
pop1
top82
size83
pop1
top81
size82
pop1
top80
size81
pop1
top79
size80
pop1
top78
size79
pop1
top77
size78
pop1
top76
size77
pop1
top75
size76
pop1
top74
size75
pop1
top73
size74
pop1
top72
size73
pop1
top71
size72
pop1
top70
size71
pop1
top69
size70
pop1
top68
size69
pop1
top67
size68
pop1
top66
size67
pop1
top65
size66
pop1
top64
size65
pop1
top63
size64
pop1
top62
size63
pop1
top61
size62
pop1
top60
size61
pop1
top59
size60
pop1
top58
size59
pop1
top57
size58
pop1
top56
size57
pop1
top55
size56
pop1
top54
size55
pop1
top53
size54
pop1
top52
size53
pop1
top51
size52
pop1
top50
size51
pop1
top49
size50
pop1
top48
size49
pop1
top47
size48
pop1
top46
size47
pop1
top45
size46
pop1
top44
size45
pop1
top43
size44
pop1
top42
size43
pop1
top41
size42
pop1
top40
size41
pop1
top39
size40
pop1
top38
size39
pop1
top37
size38
pop1
top36
size37
pop1
top35
size36
pop1
top34
size35
pop1
top33
size34
pop1
top32
size33
pop1
top31
size32
pop1
top30
size31
pop1
top29
size30
pop1
top28
size29
pop1
top27
size28
pop1
top26
size27
pop1
top25
size26
pop1
top24
size25
pop1
top23
size24
pop1
top22
size23
pop1
top21
size22
pop1
top20
size21
pop1
top19
size20
pop1
top18
size19
pop1
top17
size18
pop1
top16
size17
pop1
top15
size16
pop1
top14
size15
pop1
top13
size14
pop1
top12
size13
pop1
top11
size12
pop1
top10
size11
pop1
top9
size10
pop1
top8
size9
pop1
top7
size8
pop1
top6
size7
pop1
top5
size6
pop1
top4
size5
pop1
top3
size4
pop1
top2
size3
pop1
top1
size2
pop1
top0
size1
pop1
top-1
size0
pop0
top-1
size0
pop0
top-1
size0
pop0
top-1
size0
pop0
top-1
size0
pop0
top-1
size0
pop0
top-1
size0
pop0
top-1
size0
pop0
top-1
size0
pop0
top-1
size0
pop0
top-1
size0
