111001000

111001000
1100100

1184
100111010
102102201
13230
1221122
123
323
111201
23510
42320
132433
8733
2772
12003
100020
111110001
5762
32545
102121012
224132
30332
20225
10000101011001
10344
114440
13165
241410
12401
21722
53413
1021021
45143
1100101101001
3301
22000221
30011
1041
6447
11230
110000
10304
53122
24332
41101
211133
35232
23332
22
2012022
16563
4240
11322
202401
10222111
1302
3300
550
22341
111021212
50351
1001001111001
12118
21220202
221000
35012
11688
10020011
1230311
1021023
233444
101100110111
104513
21
6450
51031
101421
3203
203011
6573
11212200
214423
102032
10020001
2001120
1321110
34430
141411
8812
231430
30221
100111110111
35622
133112
1133221
1010223
3415
110133
1011030
1343
10010100111001
100101100100
141023
16142
15270
1001011010010
1010110000
101212020
26253
55503
4207
1111323
51045
41514
102011110
2120322
32364
20420
36501
240204
103511
17224
213333
1113000
41034
5203
5152
13606
2431
10001000100000
103534
312021
23452
302322
55205
12770
11111110100
12443
134200
155
26535
20202121
23120
431
11847
43441
5152
40121
2107
14502
10112
1320010
1010110100110
10001110010011
40305
232133
13817
14020
31014
1010001011010
16643
22125
101010001
1201111
121344
111120211
303221
42123
22112200
13486
1101000000010
10010000001000
16145
30521
124
13044
111100001010
21101110
22123
1011110011010
23021
1200232
15554
102202211
244321
5203
1331010
123034
2102210
1301113
101410
142014
11101201
36615
1001100101
10210000
10243
10000000001010
312302
11111100101
31210
1010001000101
10011010110100
762
104440
22120102
4513
4543
2120122
2350
10010100111001
101130
113205
100120220
4140
34442
20156
21645
111110011100
13538
13605
15220
7521
45104
101055
1221130
105114
1320101
13133
2664
45351
3053
12636
7053
2831
23232
8357
1010111111101
1022201
24513
8618
10222102
17443
562
11855
42455
4273
33314
1103130
1442
1002020
23421
10001110011101
10242
22122200
12461
45251
15226
121122
44013
6140
1021
1110011011010
32042
11602
50200
313021
203302
10504
242310
12707
102211112
11101011110
20243
1011010
111515
2030021
6426
221031
41053
223023
1013112
1301310
110100001
4324
22210
11630
102200111
1002000
102121021
101110212
122220
581
36104
7765
24003
2103132
1220102
103101
13506
1021
1273
2112010
102110202
21132
40465
11211
2102232
42451
21000110
22110001
2723
43301
6788
12010112
7676
1103031
101022101
21522
8371
41004
1013210
2030331
2122012
40523
10200110
10011010110000
110110011011
14343
111100220
304121
5368
55000
1033301
144
104155
40651
214000
103424
13662
20202011
26031
15506
14515
4406
14701
375
4185
11151
232002
1122033
101101100111
15114
1771
3223
21210210
12102001
24310
36042
7662
100101012
130210
330102
1030220
41121
111021201
11650
51415
35653
50035
35154
122024
3160
271
221202
30233
101101000
100455
312332
200332
40020
213241
11570
32255
133320
242
13306
425
3756
13554
220042
10443
2103123
10001111110100
12323
1111232
1000010110110
321
22723
111111202
231244
10001110100010
1302213
30512
11003
24101
21133
4652
40650
111314
101011110110
34265
10020
5212
8664
222123
35535
4355
332222
10000000100000
25031
110100110010
20506
110111120
1131211
1332003
131343
32411
13454
12022112
2303
4316
2153
31623
21735
20022111
100110000001
265
13821
10001001111001
104214
2315
1012
6155
12133
111022120
304444
203321
141101
2030101
10354
23354
15303
240420
2033323
35330
2466
10747
113010
42540
54501
10001010000111
30560
10101010000
1313123
1021101
14735
17423
1000010000001
6237
2326
1111000101010
3201
110110221
243001
6016
100044
1020
12461
1100111010010
102202200
2030100
6217
143322
10200
102202021
1101101101001
10202022
10100010010
110001111011
1011010101101
311210
213200
112225
4225
302142
14455
100100010101
33102
44211
12455
36133
11048
32534
11001112
123201
232130
31332
12322
12552
8467
102111
8828
200424
20107
100142
13212
240303
10878
141411
20225
1103220
21120010
36514
11020012
5568
50042
11073
10521
1000000111010
10011010010011
8373
15430
212120
132210
20440
100100101
12220210
7456
8250
2002212
101000111101
2110022
11001
6362
1011001100111
31515
15401
11101110
36163
222133
101432
101101110101
4451
132413
260
6234
12110210
200
114030
231424
1113320
111134
22000110
3416
6738
21
24331
11110100100
10134
1331023
10430
11011000001
15324
130002
21767
12140
3231
11222
35054
13755
25550
110101011010
32525
12542
40545
23225
1010
36604
201300
1210120
5775
110012201
312120
16637
15033
20335
213331
1154
10174
101112211
36244
20116
31232
10534
104251
5312
1101110110000
211102
102021220
21211111
42
111020220
213104
22661
33401
214324
16242
16533
40623
330221
140014
15535
303113
40054
10221
3310
351
31223
1203101
1010010010101
21102011
25552
11323
3220
1147
10100
6525
22134
11221201
23243
1101011111111
40441
240231
3445
320111
202304
2002121
1011133
30421
323023
134201
4020
110221010
34110
103214
143332
111020221
110002200
1000001000110
1203102
232222
36436
24255
242032
21026
11240
5042
214142
200140
202201
21210020
50231
105153
211
112324
4802
13264
1101030
23233
21056
101440
1113000
144031
5117
15300
7006
144302
2020102
10000001000001
33055
1021023
103021
11307
35105
21322
13135
4224
21645
6413
8056
221121
101100100
100100100011
12340
53534
244134
2131
13134
303130
11101010100
2651
212112
2165
41431
210010
100111101100
1100100001
123200
41545
1100100101000
42023
1708
10120112
32535
114344
3421
203304
5535
12771
14136
34112
53003
20202012
242203
10000011101011
23133
11353
110033
221024
34223
54122
1001001001000
1012012
2020300
5553
13321
11100202
13662
1011021
1001101110010
26211
25450
33042
5010
1010000100111
5353
1122100
21523
142301
232443
110120001
11321
3
25531
51245
104013
202220
2646
1020020
35333
10000010001001
3554
3546
100350
110001000
20352
1213202
50344
36620
1110011110001
2753
42313
100000
14161
203330
7312
2140
50044
36311
2642
110111010100
10001001111010
16615
2110123
3012
113341
10317
7402
1100110000110
14410
31211
42531
10000111111000
10222
110222001
40453
4144
141421
1131131
111111111000
12737
12413
50404
11514
1230132
3714
214331
233000
201422
310010
1130332
4522
43010
4365
11215
12504
2243
23233
8045
201330
10000111101001
40142
241402
6781
1100000001
1000023
110100111111
102535
14132
101202020
11201101
100002012
2002303
102133
103302
303024
6388
1011110110011
11033
21112100
2220222
1354
23230
101415
6564
8725
13040
33010
204031
1021200
33040
40100
35556
4074
104213
1231111
26531
5250
110120122
42143
10010101011011
13446
233431
230343
10304
10576
10111221
11101000110
10011010100111
16754
100101001000
2222111
6630
11101
102122010
2573
22032
4350
31253
14330
4476
7257
2101112
36260
6143
11424
120142
55523
35334
44035
40403
10000010000000
10011011010110
1100
111011011111
7313
11303
314
5014
101001000010
5635
110011100
23501
111321
7360
101011100010
113305
1203110
6040
1100111100111
22101222
13022
16442
13
12141
5305
32132
44514
104310
10010101011010
12020221
24005
111110020
10102111
10111000
1010000010011
1310232
112112
10000101011110
213211
140433
1000100110
4221
25120
12024
22013
5532
4640
14746
6845
110011111000
20122
2724
2003212
1320011
101250
11524
20550
2110002
100333
23644
12717
103324
10001100011010
31020
100200011
1101100101100
31213
1001100001000
103134
23515
100100100001
21135
104234
32236
432
42434
35115
2120210
110202102
3254
6244
444
1200032
43515
101120222
11340
1201310
17336
144042
5013
24526
17521
12377
16103
2030102
101010020
5640
6205
5421
1111111
232313
11112211
51355
1112333
312132
1011010000111
26211
110110011
52
2113313
255
111101011110
5101
12807
1167
1300220
5443
35642
1011133
10200010
10111
4223
6678
8426
100011111001
50544
11510
20321
233331
32240
103422
12001101
102122220
3163
25540
10828
1001101010010
12525
4244
54541
646
35164
55003
7626
1110000011010
10577
1100011110000
10800
5214
2255
1023203
550
5421
210322
113422
110111111011
15305
1100111101010
10201102
12122001
2101022
3762
1000111010101
140320
100002122
11021002
3001
16661
12050
31312
14123
3404
1022111
14632
21523
304202
2421
101221002
404
24320
20103
122322
13742
2021120
102211120
10010101001111
100000111110
10031
10143
44330
101202220
101121112
1111000000010
10001000010110
7770
2243
3545
221344
1013110
1021303
22000002
1010301
102102100
1303012
20615
1001110110111
303301
10001001100011
34224
1333123
4543
7227
101220022
21553
7001
20330
30000
21011220
1422
22120112
10010011000010
231131
2003
13857
104211
14104
111020110
1322122
36605
35501
1101110000011
13015
203413
6270
100111000000
243021
312312
25450
1012102
3604
53322
40551
15410
4780
1110010011100
6640
10102
233110
100020212
310222
1313131
330030
45034
1321331
101002000
1011011
1312
1001220
11171
123013
12161
3720
13563
13420
111412
1323132
10605
32302
141204
777
20043
13000
100000010101
100011011111
11764
4352
13781
1000101101110
2643
16133
3185
1023331
13524
10116
1020202
16716
1001111000001
15741
21566
1100111100100
2032311
10001001111001
2022201
14435
1100011010110
103531
1715
16244
140034
12444
124033
203330
2140
12665
3015
1011100001
2000301
132010
1112302
1630
11000010010
11112221
10001110011110
50031
134011
1724
1710
1220231
2220012
21022100
510
100200022
122213
121324
26445
6582
12010
31255
13040
1467
132301
10000010010
1001111110011
11011100001
1002001
100220211
32320
3546
22621
102413
1332102
102001021
243323
21021211
13060
104001
3034
221023
155
11110010
22111
101201210
32355
1333
10001011001010
13115
35514
10000111010000
425
222302
11020220
204343
322312
7712
231332
4235
1000101101101
3504
5330
22214
20002021
4657
23220
11136
10100002
10010011101011
12063
43104
11210020
1112203
1110110011110
103320
223421
53515
111011101010
42105
23062
12237
111200
14206
25363
1000111110011
100100011011
24150
32330
20310
33044
1544
1210300
11100000010
30010
34320
13636
14167
102221120
100011001110
2110320
1203103
114400
14516
11334
53121
120200
213030
2022220
1316
17653
133334
17503
110011000111
10100001000
2242
100101001000
35214
172
230401
33326
101051
13747
3104
10010100011
44502
357
244442
2110110
10014
32534
32114
1203302
10011011111000
24423
1020102
2123212
101020020
22421
2103110
1100000011110
32
76
122111
1021333
2314
1120222
40012
1330130
112210
10578
2112020
55323
40504
1110100010110
32066
12132
8676
60
42100
111022122
602
10001
33353
5016
10001110011101
7422
12546
520
1033311
1211110
7676
5063
101120210
1111010000101
34322
200211
102510
121011
240232
2002103
2510
34633
1210222
101
1011100011001
53450
100010001011
1401
10001001101
15134
2727
7543
113225
24254
1021020
231200
10010101010000
6265
321031
11111010
8516
22001110
10000101101101
10000011000
1233013
102333
11212122
34152
211244
102342
210112
10053
13204
10201
20201120
23304
2002330
8136
2200
2101110
1508
12560
101000111011
15602
5215
112220
440
34012
12533
2543
5166
10361
11301
12213
7056
31234
4142
6223
7112
12011102
244324
43414
24115
100010000000
10100101111
11547
333011
111000110001
33132
1113301
244010
6510
243042
16633
6203
2615
1210321
330332
1010011100011
2347
230231
6141
211000
20025
45011
6327
3728
3483
12730
214221
103505
35010
123133
20441
1313230
201414
111111021
11121
230113
11102002
17630
3576
112102
7481
241322
11001011111
221332
5116
101523
11000200
10713
2031300
13861
12414
13232
2003020
17421
22626
3566
20243
1117
1112202
21344
111101000
233140
13622
22110
132430
3011
3515
34233
13703
2003103
15302
8066
35205
131231
11247
1010100111111
12367
1111001001101
21026
22371
122100
1111000001010
1110111000110
4234
110212210
102101020
1101001110000
100033
12561
11621
5224
11114
10111111101
50050
241340
5863
104424
110111111100
11254
230033
111044
10244
224034
21120011
3332
20326
303022
101000011011
3010
120102
10041
10001110010
12220010
4007
22231
14146
234333
43003
11222101
1503
303230
15405
20755
100200211
102221111
12462
4023
2220110
744
26165
7373
13334
132320
1110000110011
43554
8007
3110
35424
111101200
23605
1110000000100
101111202
3133
33113
100010112
14568
20101
213313
43522
240114
1000010010
11603
16474
142431
101201020
2211211
11516
7774
43054
24113
320123
2515
12174
2225
10012000
20041
31003
45054
8215
21010100
1001020
131100
23310
8503
40203
15651
14067
46
2011212
2000322
6538
300332
101110002
26005
1000100110110
1310101
10010001101101
11855
14433
102111
332001
102121
11131
111101001100
102454
21443
10010010101001
20431
210110
1231001
101010221
230221
11121112
6064
1221210
122020
2102331
4452
11353
21020121
5477
112223
110110201
110000111010
23033
54024
6178
100000121
1110011110111
101012022
1010100001101
26142
310222
1111000001110
10252
1841
11221111
26141
7383
20531
10110001
34210
13308
21021011
7542
101220202
11255
100100210
1100000000010
100011000111
25451
140
13033
1100101100010
110101101101
11001010000
535
1111111101
12453
33453
12035
101210200
14511
11152
12525
12001
10403
22550
11262
2023011
111434
14221
110110111110
14374
1100010111100
11406
221030
8682
231110
10677
100121102
10472
4720
1614
132204
2031212
44112
8632
12366
12371
331312
2022011
762
23255
1444
1000111100000
1101001111
14157
26503
10421
112445
6045
31620
1113230
44430
103312
10001011101101
120341
2276
10001111100101
30203
25253
5860
104552
8726
25106
6046
131122
1011212
22457
111010111001
26642
16121
12585
2003333
1321213
628
50331
104241
242034
11563
13215
21322
8375
1110110001101
1360
5363
112200
14344
2022202
10010001001100
35551
50345
16307
102221
301001
132321
15311
15324
11604
2021030
4040
42
15440
15606
2103112
2000120
21216
11210100
17253
21370
102053
1121321
100010001110
12776
1021000
2101013
10000111111001
15210
4561
12120
10312
100101111000
30644
32354
44055
41340
31541
301310
44310
212
1011100101100
341
20713
563
12430
3312
10000100101011
20131
4245
1111001001001
133030
2001013
2021012
243112
111102
240321
2011020
20000
303022
50134
10435
22353
40312
210120
20441
20000001
4421
6400
4275
23323
1111101100000
5535
21021
201203
22647
6076
5153
111010110001
111201
2210111
34606
10025
3334
12623
1652
101010010
210204
10000000100100
32464
110101101011
1220113
3051
1333332
32303
12200001
102111
7800
21433
220121
34114
1231031
175
16647
101010220
140423
14065
1221100
17664
300330
1164
16600
43311
1100111010110
222111
20315
105320
1113223
3730
330033
132102
100000220
31021
12741
370
1112212
2527
3204
103003
2021
2103331
321232
17434
12101100
105004
140402
12002222
11110101100
101111000111
4247
110022202
16051
1011110101
1102001
103240
1001011011111
11732
11062
10127
10010010011010
120431
11211211
1100101000010
102021
11012110
13501
4072
110000010
302002
10302
124422
23453
633
36414
131331
5422
101110110000
101001110
2102122
21020222
10220211
13212
1437
100011101000
20112201
20354
1605
24010
8262
110020201
10771
15650
11022102
10012221
2003022
5437
123123
113201
144211
22011001
1000000010000
100200121
11131
23203
21012022
102213
2752
21022022
22102001
304000
11414
12562
17133
2210122
10010010111011
1646
130211
10001010001111
11766
1230201
11013
132201
110011101011
111012210
3546
11540
13714
110221012
3350
15330
4155
2101122
21701
1100110001101
12522
14671
10110010000
14232
32142
100102112
101111011110
223312
333323
200002
14411
101330
23033
33510
44353
1131123
1601
31303
101020010
84
40320
22641
8070
12020010
313210
110505
30553
3413
22020100
1100000000101
1110100011010
111100000000
1303211
5446
113235
1110000010000
1011101
10402
31553
22012021
11020212
5665
231331
101201221
1000001101001
231020
240220
101111001110
1502
12011102
216
44011
14767
14162
55304
110010022
330
20421
30615
22126
22457
13662
1323012
1110001001001
21171
10532
122112
42013
21112222
14301
3334
2204
12205
2112120
212312
10001000111010
4236
55532
532
1111023
34253
1002122
100101112
100002
1001000110110
12260
211411
13452
22222212
104300
55444
6173
320322
201000
11625
31220
24240
23542
21201211
1000111001010
2103
21556
1320001
1001000011
5716
865
4217
10772
111101001010
111022101
7500
132411
1111001111
332222
13532
52002
111021
11330
241304
8172
21162
31605
112352
11586
13760
104525
22205
1200011
13104
14061
12862
12132
4236
5203
141240
1203000
1300033
6052
244312
51105
66
14401
3347
6654
10116
1200330
320021
634
1112222
12271
5111
34406
21000110
10010010000100
10650
5064
32113
21653
2056
1111000100011
3313
1110011111111
12312
8472
101000010110
1001332
11011011000
5543
110441
14500
32402
6100
11011010101
1133312
203213
222100
1245
101001011001
5712
1177
6656
11165
12210001
16304
20310
3330
876
1100101010000
240400
12246
35505
4601
1011313
25254
7612
20020201
244104
100102101
2221
1000010111010
231234
2101023
103442
113312
3114
22162
323331
10410
10521
13652
3412
32611
8510
45020
3714
21701
43240
13304
4232
2275
2220010
121434
1210320
10481
320112
1011111100110
23376
13216
13333
2112122
15110
3225
11220110
101101012
1010100100001
33540
14740
44321
110212
5105
10102110
1110101
776
20514
1100000111
36166
4670
4751
21200011
16561
1220223
103020
41314
110111101
302121
100111011011
110101212
121201
1205
1122010
5801
5322
10534
1521
5445
1202120
12012100
11110001101
220433
1323011
202321
11000000
203232
223012
23512
2001323
142400
2111221
102241
30124
1336
311113
232220
502
35341
51532
1001011001101
30323
11222111
17725
213240
10001101110
13751
10121001
1032110
12071
1111021
1100111011101
50433
114001
14331
12122202
36154
10032
45313
201031
14251
22745
51411
100222220
301214
100110110
111010110000
131434
153
34541
6422
24424
110222
311013
333211
4038
111001010101
55101
55313
35303
13534
20300
104053
1001322
11010111111
242440
11750
51441
34223
2110220
45400
22565
222
303201
1001010100110
10101100101
1312
203232
3845
11111111
103535
11134
14421
132321
212421
17007
33152
201
10742
2022133
32335
51154
110201122
23452
231021
4236
102112002
11112211
14012
102542
102122210
33250
14311
644
1101100001
34523
14453
40324
1111110000
234
16775
1101133
45511
232130
14506
34144
244112
10142
101445
22002212
716
1232023
1101000101101
1100000000
11046
143121
204304
13403
100110110110
16057
5213
110110001001
35646
4334
34011
13481
114403
13123
4215
21333
200413
1010110000110
21314
24566
212303
41142
13423
312323
12120
34665
222024
32360
1531
2110310
13540
10010110100010
5321
10001000011111
32353
43313
11000110110
6556
102010210
10122011
7556
6662
33311
1111111010001
32232
22510
10101010101
21614
22546
131402
140432
12001102
440
20121212
111010012
13633
123111
101331
222012
15556
12444
142132
100212102
100221102
10001111110101
1233303
101424
12751
13304
2363
104040
22345
2100301
141302
113441
2013301
33151
11732
4430
34106
25300
2033201
21441
22121000
101110121
13115
104022
233032
4065
110122201
12035
22143
1010001101010
1013213
213041
5140
7305
100010221
1010000011010
44030
22211000
488
4445
2101211
12746
86
3763
200320
30416
12337
200002
101112021
25242
14214
30131
17556
25624
1310
12253
2000012
12221100
113440
44542
10111111010
1032213
1303231
20043
10010000011000
22317
11403
100111201
11020220
1101011011
202300
1010011101101
23222
22271
2110323
648
22353
320013
4343
230114
12271
1232
52200
36220
17036
1011101111001
22353
12443
322231
50044
111010100
858
35050
12524
14101
53433
111110110010
6185
131311
101012121
204332
10000
220041
204322
15260
32112
1441
144040
1031213
17241
6156
13157
111421
43115
1223211
111001011101
13886
5042
142303
1111010001
110112011
3738
40240
7123
2113231
20341
1182
10001110000011
100210110
23210
1302302
12122001
3035
440
10102000
213002
13161
1110100111001
52023
4236
34100
10783
1110100111111
11701
30213
34142
202232
6136
13263
1100102
12602
220311
35414
21330
21112010
11655
1000101100101
100011111000
3416
231221
4281
13582
15576
104233
1310010
25453
6161
3863
101101011101
32145
1120023
11632
1000100001110
122431
2656
23214
12553
10037
41311
1111111110110
11460
7152
14243
11432
20115
21115
100003
1001001111011
330303
111001110111
110110011111
24124
40511
1011111000
2540
265
25010
1143
44515
132321
3687
15771
211434
12405
333211
103535
12332
1011000111000
22004
20010101
11011001111
1724
24456
50442
2020313
113321
7154
223434
10010110100111
100101110010
101432
14366
31141
111122021
10111
1001100100101
2102011
210113
2121312
11211112
25
14504
45505
15004
1010101110
3378
201401
32031
2021332
3578
1001101100111
32614
14007
101102111
6264
16263
10244
262
102044
2614
142132
122102
1221113
22510
35031
301231
14424
110100001010
1314
11240
232131
17660
243241
2123013
2000212
242220
17445
213000
2503
21505
21504
8413
101111001111
1211120
110001001101
113455
21563
15344
3568
6477
3808
31342
10010111101110
20054
2453
24114
201433
1131123
102124
304002
1133300
10010001101111
113030
10001011000010
10011
104014
1311013
1010000010
1677
7454
223330
5605
110011121
1010000110101
30552
103132
54511
10617
13020
101022121
26404
35615
40525
1011302
10413
2456
3263
200040
14244
103103
1010110101110
4026
102001021
13404
212210
40233
22102021
1111010101101
15502
10432
23341
10001110101001
21011100
1255
1011100001010
363
11110011100
32545
11111011
301210
210330
30364
14220
12001002
100010000
51152
21051
16146
12111000
4320
3572
1211202
522
1022112
2335
203222
1100001010000
23233
3765
6413
16654
33212
2200
202322
20454
111324
23334
234102
101022222
201240
114
13051
14542
45433
20734
4440
1010011000110
2348
8360
141222
4280
10001010011101
1033123
111020202
110110010100
110101010111
30230
8505
12631
5213
3834
6377
12002201
10011011001000
1101001101011
54035
2120012
111203
8752
4337
113012
8445
110112
2213
101201102
134414
22120012
1010001100010
110000001001
213100
24342
8338
2021230
21000101
31100
101211000
13220
2010001
5471
110221220
11101011100
111111101001
12351
11131
1233211
1311
301120
15433
132040
23345
2557
1120112
12314
22325
40135
2414
1153
4532
10241
100021222
14531
6560
10010110011
1323
101121101
10001011101111
5401
20123
6660
111022111
12000100
8625
134230
1011100101010
3601
331110
301201
26545
34521
26662
1633
3773
7227
1362
111452
13735
17005
211212
102203
141101
102514
31315
1530
10010220
41451
43130
33413
12404
142443
5451
14475
34500
2023133
13633
1320001
43235
12320
536
101210020
32031
2246
110210000
8655
4242
6476
12201211
41301
111110011110
30505
1011133
14267
7515
10380
1505
112303
1562
612
11565
5700
3315
1001033
12012221
55453
14314
12281
100011022
6643
134130
55011
1012
16564
22303
113021
1163
40353
10000111001110
5414
242310
202430
20002
6463
100001101010
13223
7546
1203010
17410
1000111101001
224300
102221202
23055
5747
144433
100221002
120320
5505
1854
1001100000111
105231
103323
111101221
8503
100155
10201010
1130022
1200002
12166
1101010010010
213223
1011110111110
15244
111432
10000111010100
244003
8247
110010000001
1011101
22112201
412
53520
22045
20020010
25400
33154
1110011
12588
131042
11352
12751
101122200
1266
1101010101111
110011001
20354
122242
22507
11520
122010
21102212
13232
52455
22304
20460
15034
10000011001101
32522
2155
11350
10451
34441
200102
110001111001
1030202
20431
1122111
111011110101
14340
1356
32345
10010100
22346
120234
24020
1023121
11011020
1101330
100111002
20012
112402
12567
100424
133441
140012
14452
121331
22316
10240
15542
111011100111
110202122
3203
16356
13072
1221122
42042
10001011000000
100022
10001001000101
44444
34204
200122
4306
30003
25203
2011232
113021
301221
7063
121334
1230000
113322
1010101011101
25050
2013221
4652
15777
102000122
13324
13006
40262
10102012
1311303
2030322
12020
53501
404
10011011100101
41002
14170
21273
3181
1011201
102012210
41345
20022202
113432
24434
35403
10762
31103
770
114400
11650
302200
21201200
7110
11042
20110020
3380
110001101
11101010100
113321
1311121
1111011001
10021101
5345
2100120
23441
100110110
224002
211002
204413
1133210
213222
130030
140410
1010111110
24620
3163
110521
1011000011001
100110010
101011022
2122323
12524
36544
10010101101000
15254
15365
52251
1203013
2022103
3317
21224
11111
2715
133313
3270
32526
8758
11110100
20320
20561
1013122
100011001111
2120011
1253
3714
143201
2033300
16041
24364
3351
234201
16442
10011011001110
5216
344
11110000001
20171
101010101111
41210
12043
233200
30453
20472
16646
102011
5
211011
10100100010
11011
1010001100011
112144
110453
332310
10001010111110
123123
110011111101
110221211
1010313
1010100010000
1112122
35466
3667
1011001000111
1100111110100
12641
2258
122223
1020230
13627
1101222
13632
5461
7685
8375
11022
12102122
113521
22224
1101110110110
10001111100111
10313
10000101111001
120431
1521
6057
3153
100201101
4344
23304
10100000
2761
8325
1233331
15613
2202
302222
23122
30434
31361
15560
6488
101010100000
15544
1111000101
110111110000
13220
120331
101100111100
1320032
13764
21143
2010
53002
5644
211222
33364
102301
21102010
101101100
100011011010
3011
10001011100100
130021
110010111100
6073
12021101
2012021
1110011101101
1100011
8570
100011000100
3065
102202120
8064
11101101111
114122
25305
14707
15646
100513
21215
330300
15722
5324
10650
10152
1010111101010
44533
10202202
50533
244402
300311
5435
6140
8102
11102221
12212001
3027
3163
3621
1111100100100
1104
6882
1000120
221302
21010112
7354
6004
26406
6482
22202011
333322
222330
1111022
12145
40550
35061
112524
21211012
33152
53525
3314
1002222
10418
11202
212301
12882
212203
22655
231000
4000
16603
1100020
1111001011010
12012000
14445
2011101
10000110011011
100020
313222
23235
212000
1022113
2123
105150
1123102
1003020
16440
211010
33136
1023130
20022020
32210
13363
20221022
224241
13676
45013
23030
2012000
7634
31342
24213
45011
22022
112112
13055
323
12188
54424
16040
1101110100
26525
14655
10100111110
30555
1123100
1100010111111
11002101
14177
6722
10001100010100
2217
1010111010110
1111010100
13176
130042
1033200
202003
21400
31105
1130000
1111111000010
13517
1552
1011110001101
6523
10132
1234
105245
12313
301432
12120102
21010110
1101
1001010011010
34036
332131
35616
1044
16756
2000202
11801
40152
1002
10111122
40233
104205
2111232
1201233
210223
112112
101043
20340
1111
14445
102121011
1101001010000
2123131
54424
21306
33224
124221
8472
2421
52401
144242
22220000
1101111110
12201020
11120112
7388
14317
121121
22503
101110000010
33433
40424
105352
1142
25445
14413
1111010001100
111112100
1112102
24063
102201121
12525
42424
111101000000
10011011001000
31311
34143
10570
113043
301120
21615
22222022
20121011
12385
1162
3546
1010010001100
5573
111530
4143
14376
13303
14465
221403
45354
1010100100010
23014
21001010
33452
10010100001001
3223
110001110100
43344
573
111055
102030
110002011
12403
61
16252
6277
102254
1110011101101
7347
12353
14261
8510
24345
13113
102000111
1000001100101
302422
124414
12626
11020120
222330
20240
2132
36665
11212101
1223313
22545
13142
130244
13450
23420
2102112
10001100111110
16037
2770
113123
1111100110111
34220
144133
15014
20024
43252
2103102
301011
42321
1312313
11110000101
35035
112103
6578
45443
6662
1121100
1010100100110
11102100
1330030
20246
101120
11101101110
4355
14380
35355
36621
13327
5526
143231
20122021
14504
111020021
2021102
50512
73
101243
243123
21201122
101100110001
1320031
110110100111
12445
1110000101101
5253
4507
120240
32420
101102
22700
2031131
34204
1000001111
12102102
10010010110001
1003002
2173
22331
203100
313001
30666
111020122
10103
34422
201301
232210
1101101111
113412
21144
10032
11614
2020121
12835
2003002
11422
25310
11765
1101031
2104
1010101101110
240122
34511
101220
25252
54022
1126
1031200
11341
110430
101200
15202
123
17474
111011001001
12504
11517
112100
233332
101502
4471
53314
210301
13042
102202101
204304
10201011
11343
51044
5816
14053
23610
303021
1101011011101
3621
301132
12405
21052
13303
101120
120024
1412
21365
8423
1231
12234
233303
110021202
52441
2031003
7005
2010123
4662
102333
22110122
4300
1101222
12111102
40004
21022112
10563
12220210
2002302
3713
12213
101212201
5773
34104
333220
1111111111011
36231
10734
4570
17304
1212001
22112112
253
2010020
320
5751
200120
104341
104421
10433
1100011101
1000100110101
2123300
54401
101010101011
5211
1030333
2021221
201310
10200212
2250
100121021
1101001000101
1112000
36320
1100002
33001
44402
11112002
1000110010
142313
201321
20146
20760
1101320
100000100000
1101111011001
100101100000
14012
101442
1110001000100
201210
13675
41011
6254
21102000
10211220
3316
2121230
16424
32530
100220
1001101011101
101554
5146
233133
14312
110134
1222013
1320233
1313223
10011001110011
111111001110
1011211
1021300
7251
10124
212423
111102101
25146
10010111111111
10856
54511
10175
31121
23346
1125
2272
110133
1000111000110
100212122
14651
44112
6224
10010100010011
110000
2011010
31040
13404
51042
4105
11301
6701
4473
7340
11221100
15166
4122
3325
12317
10001000111010
560
15654
111021110
1001110011110
100110001101
1010101101110
6144
221
131023
323
211411
22001121
300113
101010011001
13140
12302
35350
201123
10110011011
220121
12210212
11231
144110
5442
7774
22111102
241322
36112
1132132
1011010110001
14465
1101100011011
4007
1011111010111
2164
10000000101111
13757
5562
2112211
10011010101001
10561
4134
121023
20011202
12743
12182
10327
22110001
1023102
11213
20634
1111000000101
231011
10011001110110
1405
8164
102201021
16650
40453
2123230
1011101000010
302104
111011201
220000
1407
11664
11313
1302313
21232
15020
303131
16003
10010111100011
1624
1312302
23002
13245
10101101
110011201
21000221
2103332
40530
11450
16251
101001001011
41150
1111011110010
1233
30200
23207
7621
1121002
30141
10000010100111
11534
6603
1000100110011
34115
1120303
13162
5175
26160
50202
10000011001001
2445
2000011
7083
12200101
50510
10040
14455
8103
5335
110121011
1101011011111
300422
10102110
1875
1212133
22052
17637
100001110110
1132202
31321
35515
7330
203312
52052
210343
22120020
25232
212404
103242
121332
102200022
10011001011000
1000011111001
14132
12433
1011010110111
1000101001111
8640
22366
1012120
2220221
42421
3784
123414
1001111111101
2032302
222
1212333
104030
101102010
12021121
26544
110212010
221320
110001000101
641
21202211
7440
1011110111001
44412
2174
102111
1101101010100
20004
23130
1102111
10011011011000
17701
14225
4628
6034
12551
23144
1001100110110
6530
10650
2033021
1120303
21036
10278
34145
10001111010100
100211201
12065
10010100010100
330133
100021101
10133
53131
4671
41021
6556
10421
11201022
150
11458
111013
12880
15275
220020
102120110
36042
101324
230021
2012
20121001
3884
5606
78
24211
10010001101010
12200212
2030320
22121
16620
11447
10411
1022033
8832
613
14110
2021111
1100001110000
23042
10760
35562
110201122
111120001
8520
4013
17471
210204
112245
100010011
1301213
35630
3301
12307
13077
1778
1101001110100
12131
2123
3122
10383
415
1100111011010
5134
7151
6822
13535
33330
10133
5232
12404
241001
13876
310
21120211
105400
2211021
24323
24566
7564
2122001
1046
142402
120310
210103
1311
31212
1120001
10010100110000
20533
232300
2203
110032
24516
24334
16342
1121223
31320
15626
12040
20130
21777
7241
10001001001110
11120201
1111111011
23465
17070
112101
22211002
1110001110
10012220
10120110
1418
321123
11157
214420
15522
2716
1110000011111
104304
1311120
200320
1011101010100
42413
10000110100
14417
13621
15155
7862
10121102
5334
11222
7721
134201
110110010110
7874
3312
2023232
15157
101011111110
112340
10011110010
1111001001101
14560
40202
673
21462
10000110100011
2122303
310322
22101202
52435
113302
33060
13010
1100011001
24505
2430
14672
14644
134241
12010
42502
300241
12211120
11100000010
10001000100
1021211
14442
340
21530
20202021
7832
14602
12333
1001110010010
10000110011110
330210
445
243131
240414
12101000
1100000101010
10820
100021212
123242
34153
7561
101121110
1011000101000
301332
220203
6704
2243
213002
32231
3373
12111200
23452
102010102
11664
10430
110101101
12150
221
133434
23065
100110211
1301200
8031
140440
2301
101031
12231
24114
110011000001
41541
44141
1221300
12121220
4055
243221
333010
22265
4405
12011112
4013
1010000010
17707
3443
11721
44400
10020002
30303
12853
100011111101
1163
145
5350
13187
1022220
23304
21432
2112022
2004
25135
1212300
11827
13715
6026
45355
12000
230222
20143
1101011010100
15633
11134
14220
256
100444
114040
34422
1100101110011
2111020
32104
25135
10010000110001
3243
34145
23162
4114
8245
1463
52444
222122
31443
20
103232
5364
21032
15352
2120031
22006
1110011001001
1010000110101
16465
110022221
102210012
1000011010101
11201
14533
4014
220414
132024
13554
2010222
13045
5778
222100
100123
3532
100001101
22622
136
1161
2244
201331
11110100101
4003
3724
31031
14523
4112
1361
34366
103214
25354
100012101
100100111
2101
110010000
52455
3404
10001000000100
13271
1011101001101
11328
1011111110100
36615
2422
102012121
16604
1000110011110
11011101000
16314
10000111011101
111120222
111101100111
1110101011001
102120
14285
11556
44041
132240
104304
213103
1113320
132013
6653
221033
40043
10010100001110
1001010101001
36531
212001
10001001001001
20245
10000100100001
104200
1220033
41
36155
23310
10000100100011
100551
461
13046
11104
4367
3024
16340
4013
22014
40444
5347
1111100010001
51301
1530
11010
10055
31442
103214
1221212
100212002
7468
2102031
11020021
20211112
1010001010111
5566
7667
4735
13331
20215
827
3712
140032
24460
35330
2152
7727
323200
45215
5078
1202212
1130101
10363
25521
111000000
1515
100110111
10031
41543
102212221
25221
3665
23155
30512
213101
336
122213
10068
102020211
101222221
302413
111101222
1110000001011
131110
1221003
267
1202330
13223
2550
100220112
15546
31623
4744
1011001010111
11465
10010010101011
6605
110000111
41414
220114
35465
20217
24103
548
44424
1120012
17136
4340
303303
214034
6124
3451
6454
45414
10068
1100101001101
102000010
55154
21002211
111011101101
232312
111001010010
372
22032
101121022
1000
23052
40203
100100001000
40616
7645
4544
5321
742
111531
204244
1011001101011
1223133
1010000100000
2022321
2032113
1111000
11212010
53441
23441
1120012
14574
40552
16143
22201
1221330
13200
111100111101
20202020
25460
102100222
2102301
1110100011100
24633
4225
11066
11341
34224
102121120
300040
21125
12544
6827
26052
11584
332
141441
100211121
22020
1000101001000
8536
2640
201
10021
21252
10011011000011
36640
300321
1026
1666
14
10886
111020122
131310
1117
26013
11011101100
1320210
2687
100011212
8306
615
10101001011
100010012
105435
6410
1320311
11405
31461
1001100101100
14125
123024
100120120
100001110000
10545
105415
130130
1011101000011
2878
1330303
22222200
202322
33123
17533
321
5127
214133
20112
1111100100
44140
1
101011101000
2604
221300
101120021
5876
6442
3425
10552
546
103232
5306
110102211
1122121
11472
21235
1101101100101
20555
36510
101022012
6334
12201121
2033113
211012
104440
34105
4556
130
7366
110010222
14604
24021
103310
123322
4323
101221020
220042
111201021
100220
104412
11052
122330
31061
25100
111232
240114
36245
5152
1231013
234221
2100110
2123211
7057
2121100
12811
6144
4317
2036
13100
13543
1222203
1100111101111
43214
1101010111101
33301
31344
100010001110
2056
200200
1010101100000
1152
13431
31203
12160
2048
10001110001
21000002
1110001000100
13212
12220120
40012
55141
41441
32631
1101311
20654
332121
214111
26654
6474
14352
22770
10000111001110
41555
11121
220310
123244
113213
313133
113420
113041
212113
233411
4252
10011010110010
53155
2011202
1110001010001
22110
1000001000
130310
30234
23143
26145
2351
1021122
1333311
1110100010101
110124
35031
3442
130211
111323
12
1000010000010
23352
11563
10001110000010
2021331
1111010100000
21762
1310101
10656
15333
4464
7175
11063
30134
3206
1100100001110
1100111110
2200211
22201220
1101010001011
4642
23022
2122111
5251
10130
12215
102010220
11101210
2004
11101202
25345
40524
12837
301100
6462
202442
32212
212223
213323
15031
3043
13776
2834
14010
3320
111403
1032121
10844
4161
1100111
44203
21321
35
1120122
20202011
333220
110022111
11001000
2020233
16371
6867
425
11415
1140
2221
110101110111
311203
30034
2122311
23213
51012
122202
10200
36461
1301203
11013
172
131104
25320
33156
101331
1001101
10010010100110
21311
143330
15247
300022
5244
35322
10000011000000
31102
111323
5503
4245
33123
11777
10101010000
3025
22772
201021
22230
20210200
54154
140404
4313
21121111
1010010000011
10010101000
22112011
24425
101211
35305
42242
102222222
20553
31105
1382
6544
35214
55244
2646
1010011011110
22221012
20122
14223
14486
12018
1110101011
7322
12642
11278
1101212
200002
11122021
52045
1331122
114001
1101100001101
40411
8442
10112002
102020010
104423
114403
11002
3413
22500
101102202
2781
16644
2707
22743
23221
1011111010111
101503
111002101
2062
31304
22452
210220
1020211
404
14421
1162
11675
21026
644
10022211
111321
101010111110
1110000001001
44043
45252
101111111000
110111220
212112
1110101100
204401
1120210
3507
100111011100
23326
2100122
1111001001011
10474
1110120
2032331
3236
12567
2637
313213
101003
41314
22245
102110210
110425
102020012
1100110001010
1000
22462
10001111111
1110100010010
6401
1011010111011
10347
2020101
3764
104242
1222122
713
7751
10021
2565
1211232
36662
2055
8284
10000011100
30360
3287
10332
40002
23
10001110101000
243133
231404
43104
113102
23500
10101100010
50303
101011011011
13453
5051
10011000011110
13462
4862
17744
40343
51320
15530
202123
100011110101
110330
1132031
1101001011110
42304
12221122
1011110110000
22333
763
21000112
11085
122001
1450
21014
21140
22436
40230
103235
1010111111101
3065
30605
26464
23102
2774
34625
1001100
605
10101010
20122210
10100111111
22137
14043
1130022
14023
11366
5504
407
1032112
11405
1221303
220202
1100011000
2007
34001
1110000110101
13343
24020
131332
12046
1101111101
11840
20212
1211010
34051
12377
1312233
133232
110111100010
101005
1130230
101101
1332213
31506
565
300210
